<?xml version="1.0" encoding="UTF-8"?>
<!-- Generated by org.testng.reporters.JUnitXMLReporter -->
<testsuite ignored="0" hostname="Sherins-MacBook-Air.local" failures="0" tests="5" name="Test" time="28.759" errors="0" timestamp="2024-10-08T00:20:05 IST">
  <testcase classname="Guru99TestPackage.TC_LoginpageLoginFunctionality" name="TC_3_LoginPageLoginFuncionality" time="3.093"/>
  <testcase classname="Guru99TestPackage.TC_HomepageTitleCheck" name="TC_4_HomePageTitleCheck" time="0.997"/>
  <testcase classname="Guru99TestPackage.TC_HomepageUIValidation" name="TC_5_HomePageUICheck" time="1.379"/>
  <testcase classname="Guru99TestPackage.TC_LoginpageTitleCheck" name="TC_1_LoginPageTitleCheck" time="2.703"/>
  <testcase classname="Guru99TestPackage.TC_LoginpageUIValidation" name="TC_2_LoginPageUICheck" time="0.05"/>
</testsuite> <!-- Test -->
